2025-02-10 02:50:45,892 - INFO - MySQL 数据库连接成功。
2025-02-10 02:50:46,188 - INFO - 本次响应包含 7 个主题。
2025-02-10 02:50:47,812 - INFO - 本次响应包含 0 个主题。
2025-02-10 02:50:47,812 - INFO - 没有更多数据可供爬取，停止。
2025-02-10 02:50:47,812 - INFO - 总共收集到 7 个主题。
2025-02-10 02:50:49,057 - INFO - 抓到 7 个主题。
2025-02-10 02:50:49,062 - INFO - 有 7 个主题需要新抓取。
2025-02-10 02:50:50,839 - INFO - [topic_id=1613323] 无更多帖子可爬，结束。
2025-02-10 02:50:50,919 - INFO - [topic_id=1613326] 无更多帖子可爬，结束。
2025-02-10 02:50:50,936 - INFO - [topic_id=1465532] 无更多帖子可爬，结束。
2025-02-10 02:50:52,708 - INFO - [topic_id=1458161] 连续2次无新帖子，结束。
2025-02-10 02:50:52,908 - INFO - [topic_id=1613330] 无更多帖子可爬，结束。
2025-02-10 02:50:53,093 - INFO - [topic_id=1613333] 无更多帖子可爬，结束。
2025-02-10 02:51:08,787 - INFO - [topic_id=1458272] 无更多帖子可爬，结束。
2025-02-10 02:51:08,792 - INFO - 爬虫结束，插入帖子总数=223；程序耗时: 0小时 0分钟 22秒
2025-02-10 02:55:25,147 - INFO - MySQL 数据库连接成功。
2025-02-10 02:55:25,401 - INFO - 本次响应包含 10 个主题。
2025-02-10 02:55:27,254 - INFO - 本次响应包含 10 个主题。
2025-02-10 02:55:28,929 - INFO - 本次响应包含 10 个主题。
2025-02-10 02:55:30,793 - INFO - 本次响应包含 10 个主题。
2025-02-10 02:55:32,895 - INFO - 本次响应包含 10 个主题。
2025-02-10 02:55:34,929 - INFO - 本次响应包含 10 个主题。
2025-02-10 02:55:36,306 - INFO - 本次响应包含 10 个主题。
2025-02-10 02:55:37,681 - INFO - 本次响应包含 10 个主题。
2025-02-10 02:55:38,967 - INFO - 本次响应包含 10 个主题。
2025-02-10 02:55:41,026 - INFO - 本次响应包含 10 个主题。
2025-02-10 02:55:42,425 - INFO - 本次响应包含 10 个主题。
2025-02-10 02:55:44,408 - INFO - 本次响应包含 10 个主题。
2025-02-10 02:55:45,841 - INFO - 本次响应包含 10 个主题。
2025-02-10 02:55:47,659 - INFO - 本次响应包含 10 个主题。
2025-02-10 02:55:49,049 - INFO - 本次响应包含 10 个主题。
2025-02-10 02:55:50,643 - INFO - 本次响应包含 10 个主题。
2025-02-10 02:55:52,227 - INFO - 本次响应包含 10 个主题。
2025-02-10 02:55:53,910 - INFO - 本次响应包含 10 个主题。
2025-02-10 02:55:55,855 - INFO - 本次响应包含 10 个主题。
2025-02-10 02:55:57,137 - INFO - 本次响应包含 10 个主题。
2025-02-10 02:55:58,421 - INFO - 本次响应包含 10 个主题。
2025-02-10 02:56:00,044 - INFO - 本次响应包含 10 个主题。
2025-02-11 18:34:09,711 - INFO - MySQL 数据库连接成功。
2025-02-11 18:34:10,000 - INFO - 本次响应包含 10 个主题。
2025-02-11 18:34:11,539 - INFO - 本次响应包含 10 个主题。
2025-02-11 18:34:13,134 - INFO - 本次响应包含 10 个主题。
2025-02-11 18:34:14,434 - INFO - 本次响应包含 10 个主题。
2025-02-11 18:34:15,752 - INFO - 本次响应包含 10 个主题。
2025-02-11 18:34:17,135 - INFO - 本次响应包含 10 个主题。
2025-02-11 18:34:19,152 - INFO - 本次响应包含 10 个主题。
2025-02-11 18:34:21,221 - INFO - 本次响应包含 10 个主题。
2025-02-11 18:34:23,318 - INFO - 本次响应包含 10 个主题。
2025-02-11 18:34:25,081 - INFO - 本次响应包含 10 个主题。
2025-02-11 18:34:27,091 - INFO - 本次响应包含 10 个主题。
2025-02-11 18:34:29,290 - INFO - 本次响应包含 10 个主题。
2025-02-11 18:34:30,632 - INFO - 本次响应包含 10 个主题。
2025-02-11 18:34:32,142 - INFO - 本次响应包含 10 个主题。
2025-02-11 18:34:33,465 - INFO - 本次响应包含 10 个主题。
2025-02-11 18:34:35,096 - INFO - 本次响应包含 10 个主题。
2025-02-11 18:34:36,963 - INFO - 本次响应包含 10 个主题。
2025-02-11 18:34:38,382 - INFO - 本次响应包含 10 个主题。
2025-02-11 18:34:40,584 - INFO - 本次响应包含 10 个主题。
2025-02-11 18:34:42,041 - INFO - 本次响应包含 10 个主题。
2025-02-11 18:34:44,221 - INFO - 本次响应包含 10 个主题。
2025-02-11 18:34:46,181 - INFO - 本次响应包含 10 个主题。
2025-02-11 18:34:47,954 - INFO - 本次响应包含 10 个主题。
2025-02-11 18:34:49,449 - INFO - 本次响应包含 10 个主题。
2025-02-11 18:34:51,310 - INFO - 本次响应包含 10 个主题。
2025-02-11 18:34:53,617 - INFO - 本次响应包含 10 个主题。
2025-02-11 18:34:55,783 - INFO - 本次响应包含 10 个主题。
2025-02-11 18:34:57,799 - INFO - 本次响应包含 10 个主题。
2025-02-11 18:34:59,367 - INFO - 本次响应包含 10 个主题。
2025-02-11 18:35:00,841 - INFO - 本次响应包含 10 个主题。
2025-02-11 18:35:02,958 - INFO - 本次响应包含 10 个主题。
2025-02-11 18:35:04,971 - INFO - 本次响应包含 10 个主题。
2025-02-11 18:35:06,884 - INFO - 本次响应包含 10 个主题。
2025-02-11 18:35:08,914 - INFO - 本次响应包含 10 个主题。
2025-02-11 18:35:10,407 - INFO - 本次响应包含 10 个主题。
2025-02-11 18:35:12,137 - INFO - 本次响应包含 10 个主题。
2025-02-11 18:35:13,925 - INFO - 本次响应包含 10 个主题。
2025-02-11 18:35:15,486 - INFO - 本次响应包含 10 个主题。
2025-02-11 18:35:17,472 - INFO - 本次响应包含 10 个主题。
2025-02-11 18:35:19,383 - INFO - 本次响应包含 10 个主题。
2025-02-11 18:35:20,741 - INFO - 本次响应包含 10 个主题。
2025-02-11 18:35:22,434 - INFO - 本次响应包含 10 个主题。
2025-02-11 18:35:23,920 - INFO - 本次响应包含 10 个主题。
2025-02-11 18:35:25,442 - INFO - 本次响应包含 10 个主题。
2025-02-11 18:35:27,000 - INFO - 本次响应包含 10 个主题。
2025-02-11 18:35:28,889 - INFO - 本次响应包含 10 个主题。
2025-02-11 18:35:30,726 - INFO - 本次响应包含 10 个主题。
2025-02-11 18:35:32,727 - INFO - 本次响应包含 10 个主题。
2025-02-11 18:35:34,490 - INFO - 本次响应包含 10 个主题。
2025-02-11 18:35:35,925 - INFO - 本次响应包含 10 个主题。
2025-02-11 18:35:37,822 - INFO - 本次响应包含 10 个主题。
2025-02-11 18:35:39,095 - INFO - 本次响应包含 10 个主题。
2025-02-11 18:35:40,936 - INFO - 本次响应包含 10 个主题。
2025-02-11 18:35:42,696 - INFO - 本次响应包含 10 个主题。
2025-02-11 18:35:44,675 - INFO - 本次响应包含 10 个主题。
2025-02-11 18:35:46,779 - INFO - 本次响应包含 10 个主题。
2025-02-11 18:35:48,942 - INFO - 本次响应包含 10 个主题。
2025-02-11 18:35:50,407 - INFO - 本次响应包含 10 个主题。
2025-02-11 18:35:52,122 - INFO - 本次响应包含 10 个主题。
2025-02-11 18:35:53,743 - INFO - 本次响应包含 10 个主题。
2025-02-11 18:35:55,409 - INFO - 本次响应包含 10 个主题。
2025-02-11 18:35:57,565 - INFO - 本次响应包含 10 个主题。
2025-02-11 18:35:59,580 - INFO - 本次响应包含 10 个主题。
2025-02-11 18:36:01,617 - INFO - 本次响应包含 10 个主题。
2025-02-11 18:36:03,293 - INFO - 本次响应包含 10 个主题。
2025-02-11 18:36:04,612 - INFO - 本次响应包含 10 个主题。
2025-02-11 18:36:06,608 - INFO - 本次响应包含 10 个主题。
2025-02-11 18:36:08,418 - INFO - 本次响应包含 10 个主题。
2025-02-11 18:36:10,522 - INFO - 本次响应包含 10 个主题。
2025-02-11 18:36:12,472 - INFO - 本次响应包含 10 个主题。
2025-02-11 18:36:13,908 - INFO - 本次响应包含 10 个主题。
2025-02-11 18:36:15,519 - INFO - 本次响应包含 10 个主题。
2025-02-11 18:36:16,999 - INFO - 本次响应包含 10 个主题。
2025-02-11 18:36:19,200 - INFO - 本次响应包含 10 个主题。
2025-02-11 18:36:20,417 - INFO - 本次响应包含 10 个主题。
2025-02-11 18:36:21,757 - INFO - 本次响应包含 10 个主题。
2025-02-11 18:36:23,513 - INFO - 本次响应包含 10 个主题。
2025-02-11 18:36:25,436 - INFO - 本次响应包含 10 个主题。
2025-02-11 18:36:26,736 - INFO - 本次响应包含 10 个主题。
2025-02-11 18:36:28,463 - INFO - 本次响应包含 10 个主题。
2025-02-11 18:36:30,672 - INFO - 本次响应包含 10 个主题。
2025-02-11 18:36:31,901 - INFO - 本次响应包含 10 个主题。
2025-02-11 18:36:33,725 - INFO - 本次响应包含 10 个主题。
2025-02-11 18:36:35,142 - INFO - 本次响应包含 10 个主题。
2025-02-11 18:36:37,103 - INFO - 本次响应包含 10 个主题。
2025-02-11 18:36:39,163 - INFO - 本次响应包含 10 个主题。
2025-02-11 18:36:41,070 - INFO - 本次响应包含 10 个主题。
2025-02-11 18:36:43,170 - INFO - 本次响应包含 10 个主题。
2025-02-11 18:36:44,955 - INFO - 本次响应包含 10 个主题。
2025-02-11 18:36:46,602 - INFO - 本次响应包含 10 个主题。
2025-02-11 18:36:47,989 - INFO - 本次响应包含 10 个主题。
2025-02-11 18:36:50,122 - INFO - 本次响应包含 10 个主题。
2025-02-11 18:36:52,208 - INFO - 本次响应包含 10 个主题。
2025-02-11 18:36:53,916 - INFO - 本次响应包含 10 个主题。
2025-02-11 18:36:55,626 - INFO - 本次响应包含 10 个主题。
2025-02-11 18:36:57,563 - INFO - 本次响应包含 10 个主题。
2025-02-11 18:36:59,754 - INFO - 本次响应包含 10 个主题。
2025-02-11 18:37:01,333 - INFO - 本次响应包含 10 个主题。
2025-02-11 18:37:03,315 - INFO - 本次响应包含 10 个主题。
2025-02-11 18:37:04,763 - INFO - 本次响应包含 10 个主题。
2025-02-11 18:37:06,886 - INFO - 本次响应包含 10 个主题。
2025-02-11 18:37:08,683 - INFO - 本次响应包含 10 个主题。
2025-02-11 18:37:10,847 - INFO - 本次响应包含 10 个主题。
2025-02-11 18:37:12,643 - INFO - 本次响应包含 10 个主题。
2025-02-11 18:37:14,351 - INFO - 本次响应包含 10 个主题。
2025-02-11 18:37:16,162 - INFO - 本次响应包含 10 个主题。
2025-02-11 18:37:18,364 - INFO - 本次响应包含 10 个主题。
2025-02-11 18:37:20,273 - INFO - 本次响应包含 10 个主题。
2025-02-11 18:37:21,719 - INFO - 本次响应包含 10 个主题。
2025-02-11 18:37:23,821 - INFO - 本次响应包含 10 个主题。
2025-02-11 18:37:25,269 - INFO - 本次响应包含 10 个主题。
2025-02-11 18:37:27,284 - INFO - 本次响应包含 10 个主题。
2025-02-11 18:37:28,844 - INFO - 本次响应包含 10 个主题。
2025-02-11 18:37:30,811 - INFO - 本次响应包含 10 个主题。
2025-02-11 18:37:32,847 - INFO - 本次响应包含 10 个主题。
2025-02-11 18:37:34,600 - INFO - 本次响应包含 10 个主题。
2025-02-11 18:37:35,960 - INFO - 本次响应包含 10 个主题。
2025-02-11 18:37:37,290 - INFO - 本次响应包含 10 个主题。
2025-02-11 18:37:38,931 - INFO - 本次响应包含 10 个主题。
2025-02-11 18:37:40,326 - INFO - 本次响应包含 10 个主题。
2025-02-11 18:37:42,522 - INFO - 本次响应包含 10 个主题。
2025-02-11 18:37:44,669 - INFO - 本次响应包含 10 个主题。
2025-02-11 18:37:46,675 - INFO - 本次响应包含 10 个主题。
2025-02-11 18:37:48,134 - INFO - 本次响应包含 10 个主题。
2025-02-11 18:37:50,184 - INFO - 本次响应包含 10 个主题。
2025-02-11 18:37:51,731 - INFO - 本次响应包含 10 个主题。
2025-02-11 18:37:53,001 - INFO - 本次响应包含 10 个主题。
2025-02-11 18:37:55,129 - INFO - 本次响应包含 10 个主题。
2025-02-11 18:37:56,379 - INFO - 本次响应包含 10 个主题。
2025-02-11 18:37:58,728 - INFO - 本次响应包含 10 个主题。
2025-02-11 18:38:00,230 - INFO - 本次响应包含 10 个主题。
2025-02-11 18:38:01,653 - INFO - 本次响应包含 10 个主题。
2025-02-11 18:38:03,666 - INFO - 本次响应包含 10 个主题。
2025-02-11 18:38:05,301 - INFO - 本次响应包含 10 个主题。
2025-02-11 18:38:07,134 - INFO - 本次响应包含 10 个主题。
2025-02-11 18:38:09,330 - INFO - 本次响应包含 10 个主题。
2025-02-11 18:38:11,018 - INFO - 本次响应包含 10 个主题。
2025-02-11 18:38:13,035 - INFO - 本次响应包含 10 个主题。
2025-02-11 18:38:14,448 - INFO - 本次响应包含 10 个主题。
2025-02-11 18:38:16,298 - INFO - 本次响应包含 10 个主题。
2025-02-11 18:38:17,631 - INFO - 本次响应包含 10 个主题。
2025-02-11 18:38:19,415 - INFO - 本次响应包含 10 个主题。
2025-02-11 18:38:21,216 - INFO - 本次响应包含 10 个主题。
2025-02-11 18:38:23,374 - INFO - 本次响应包含 10 个主题。
2025-02-11 18:38:25,247 - INFO - 本次响应包含 10 个主题。
2025-02-11 18:38:27,290 - INFO - 本次响应包含 10 个主题。
2025-02-11 18:38:29,339 - INFO - 本次响应包含 10 个主题。
2025-02-11 18:38:30,891 - INFO - 本次响应包含 10 个主题。
2025-02-11 18:38:32,550 - INFO - 本次响应包含 10 个主题。
2025-02-11 18:38:34,583 - INFO - 本次响应包含 10 个主题。
2025-02-11 18:38:35,838 - INFO - 本次响应包含 10 个主题。
2025-02-11 18:38:37,294 - INFO - 本次响应包含 10 个主题。
2025-02-11 18:38:38,965 - INFO - 本次响应包含 10 个主题。
2025-02-11 18:38:40,695 - INFO - 本次响应包含 10 个主题。
2025-02-11 18:38:42,088 - INFO - 本次响应包含 10 个主题。
2025-02-11 18:38:43,759 - INFO - 本次响应包含 10 个主题。
2025-02-11 18:38:45,814 - INFO - 本次响应包含 10 个主题。
2025-02-11 18:38:47,524 - INFO - 本次响应包含 10 个主题。
2025-02-11 18:38:49,272 - INFO - 本次响应包含 10 个主题。
2025-02-11 18:38:51,113 - INFO - 本次响应包含 10 个主题。
2025-02-11 18:38:52,436 - INFO - 本次响应包含 10 个主题。
2025-02-11 18:38:54,665 - INFO - 本次响应包含 10 个主题。
2025-02-11 18:38:56,282 - INFO - 本次响应包含 10 个主题。
2025-02-11 18:38:58,371 - INFO - 本次响应包含 10 个主题。
2025-02-11 18:39:00,157 - INFO - 本次响应包含 10 个主题。
2025-02-11 18:39:02,497 - INFO - 本次响应包含 10 个主题。
2025-02-11 18:39:04,190 - INFO - 本次响应包含 10 个主题。
2025-02-11 18:39:05,683 - INFO - 本次响应包含 10 个主题。
2025-02-11 18:39:07,674 - INFO - 本次响应包含 10 个主题。
2025-02-11 18:39:09,923 - INFO - 本次响应包含 10 个主题。
2025-02-11 18:39:11,544 - INFO - 本次响应包含 10 个主题。
2025-02-11 18:39:13,886 - INFO - 本次响应包含 10 个主题。
2025-02-11 18:39:15,890 - INFO - 本次响应包含 10 个主题。
2025-02-11 18:39:17,679 - INFO - 本次响应包含 10 个主题。
2025-02-11 18:39:19,444 - INFO - 本次响应包含 10 个主题。
2025-02-11 18:39:21,515 - INFO - 本次响应包含 10 个主题。
2025-02-11 18:39:23,812 - INFO - 本次响应包含 10 个主题。
2025-02-11 18:39:25,909 - INFO - 本次响应包含 10 个主题。
2025-02-11 18:39:27,992 - INFO - 本次响应包含 10 个主题。
2025-02-11 18:39:30,124 - INFO - 本次响应包含 10 个主题。
2025-02-11 18:39:31,767 - INFO - 本次响应包含 10 个主题。
2025-02-11 18:39:33,580 - INFO - 本次响应包含 10 个主题。
2025-02-11 18:39:35,744 - INFO - 本次响应包含 10 个主题。
2025-02-11 18:39:38,114 - INFO - 本次响应包含 10 个主题。
2025-02-11 18:39:39,806 - INFO - 本次响应包含 10 个主题。
2025-02-11 18:39:41,264 - INFO - 本次响应包含 10 个主题。
2025-02-11 18:39:43,589 - INFO - 本次响应包含 10 个主题。
2025-02-11 18:39:45,647 - INFO - 本次响应包含 10 个主题。
2025-02-11 18:39:47,498 - INFO - 本次响应包含 10 个主题。
2025-02-11 18:39:49,406 - INFO - 本次响应包含 10 个主题。
2025-02-11 18:39:51,403 - INFO - 本次响应包含 10 个主题。
2025-02-11 18:39:52,848 - INFO - 本次响应包含 10 个主题。
2025-02-11 18:39:54,881 - INFO - 本次响应包含 10 个主题。
2025-02-11 18:39:56,999 - INFO - 本次响应包含 10 个主题。
2025-02-11 18:39:59,141 - INFO - 本次响应包含 10 个主题。
2025-02-11 18:40:01,578 - INFO - 本次响应包含 10 个主题。
2025-02-11 18:40:03,286 - INFO - 本次响应包含 10 个主题。
2025-02-11 18:40:04,989 - INFO - 本次响应包含 10 个主题。
2025-02-11 18:40:07,064 - INFO - 本次响应包含 10 个主题。
2025-02-11 18:40:09,274 - INFO - 本次响应包含 10 个主题。
2025-02-11 18:40:11,156 - INFO - 本次响应包含 10 个主题。
2025-02-11 18:40:13,481 - INFO - 本次响应包含 10 个主题。
2025-02-11 18:40:14,919 - INFO - 本次响应包含 10 个主题。
2025-02-11 18:40:16,826 - INFO - 本次响应包含 10 个主题。
2025-02-11 18:40:18,151 - INFO - 本次响应包含 10 个主题。
2025-02-11 18:40:20,184 - INFO - 本次响应包含 10 个主题。
2025-02-11 18:40:22,347 - INFO - 本次响应包含 10 个主题。
2025-02-11 18:40:23,746 - INFO - 本次响应包含 10 个主题。
2025-02-11 18:40:25,968 - INFO - 本次响应包含 10 个主题。
2025-02-11 18:40:28,244 - INFO - 本次响应包含 10 个主题。
2025-02-11 18:40:30,409 - INFO - 本次响应包含 10 个主题。
2025-02-11 18:40:32,012 - INFO - 本次响应包含 10 个主题。
2025-02-11 18:40:33,488 - INFO - 本次响应包含 10 个主题。
2025-02-11 18:41:28,647 - INFO - MySQL 数据库连接成功。
2025-02-11 18:41:28,946 - INFO - 本次响应包含 7 个主题。
2025-02-11 18:41:30,791 - INFO - 本次响应包含 0 个主题。
2025-02-11 18:41:30,791 - INFO - 没有更多数据可供爬取，停止。
2025-02-11 18:41:30,791 - INFO - 总共收集到 7 个主题。
2025-02-11 18:41:32,029 - INFO - 抓到 7 个主题。
2025-02-11 18:41:32,033 - INFO - 有 7 个主题需要新抓取。
2025-02-11 18:53:27,730 - INFO - MySQL 数据库连接成功。
2025-02-11 18:53:27,986 - INFO - 本次响应包含 7 个主题。
2025-02-11 18:53:29,769 - INFO - 本次响应包含 0 个主题。
2025-02-11 18:53:29,769 - INFO - 没有更多数据可供爬取，停止。
2025-02-11 18:53:29,769 - INFO - 总共收集到 7 个主题。
2025-02-11 18:53:31,652 - INFO - 抓到 7 个主题。
2025-02-11 18:53:31,658 - INFO - 有 7 个主题需要新抓取。
2025-02-11 18:53:31,661 - INFO - 已提交第 1/7 个 topic 的抓取任务
2025-02-11 18:53:31,663 - INFO - 已提交第 2/7 个 topic 的抓取任务
2025-02-11 18:53:31,665 - INFO - 已提交第 3/7 个 topic 的抓取任务
2025-02-11 18:53:31,667 - INFO - 已提交第 4/7 个 topic 的抓取任务
2025-02-11 18:53:31,669 - INFO - 已提交第 5/7 个 topic 的抓取任务
2025-02-11 18:53:31,669 - INFO - 已提交第 6/7 个 topic 的抓取任务
2025-02-11 18:53:31,669 - INFO - 已提交第 7/7 个 topic 的抓取任务
2025-02-11 18:53:31,869 - INFO - [topic_id=1458272] 第 1 批处理完毕，已累积插入 20 帖子
2025-02-12 07:10:34,688 - INFO - 这是自定义日志文件名的示例.
2025-02-12 07:10:34,699 - INFO - MySQL 数据库连接成功。
2025-02-12 07:10:34,995 - INFO - 本次响应包含 7 个主题。
2025-02-12 07:10:36,869 - INFO - 本次响应包含 0 个主题。
2025-02-12 07:10:36,869 - INFO - 没有更多数据可供爬取，停止。
2025-02-12 07:10:36,869 - INFO - 总共收集到 7 个主题。
2025-02-12 07:10:37,956 - INFO - 抓到 7 个主题。
2025-02-12 07:10:37,959 - INFO - 有 7 个主题需要新抓取。
2025-02-12 07:10:37,961 - INFO - 已提交第 1/7 个 topic 的抓取任务
2025-02-12 07:10:37,964 - INFO - 已提交第 2/7 个 topic 的抓取任务
2025-02-12 07:10:37,965 - INFO - 已提交第 3/7 个 topic 的抓取任务
2025-02-12 07:10:37,968 - INFO - 已提交第 4/7 个 topic 的抓取任务
2025-02-12 07:10:37,970 - INFO - 已提交第 5/7 个 topic 的抓取任务
2025-02-12 07:10:37,970 - INFO - 已提交第 6/7 个 topic 的抓取任务
2025-02-12 07:10:37,970 - INFO - 已提交第 7/7 个 topic 的抓取任务
2025-02-12 07:10:38,168 - INFO - [topic_id=1458272] 第 1 批处理完毕，已累积插入 20 帖子
2025-02-12 07:10:38,497 - INFO - [topic_id=1613323] 第 1 批处理完毕，已累积插入 2 帖子
2025-02-12 07:16:38,313 - INFO - MySQL 数据库连接成功。
2025-02-12 07:16:38,563 - INFO - 本次响应包含 7 个主题。
2025-02-12 07:16:40,439 - INFO - 本次响应包含 0 个主题。
2025-02-12 07:16:40,439 - INFO - 没有更多数据可供爬取，停止。
2025-02-12 07:16:40,439 - INFO - 总共收集到 7 个主题。
2025-02-12 07:16:42,346 - INFO - 抓到 7 个主题。
2025-02-12 07:16:42,349 - INFO - 有 7 个主题需要新抓取。
2025-02-12 07:16:42,816 - ERROR - [topic_id=1465532] 插入帖子 10254860 失败: 2013 (HY000): Lost connection to MySQL server during query
2025-02-12 07:16:42,817 - ERROR - [topic_id=1613323] 插入帖子 10081719 失败: 2013 (HY000): Lost connection to MySQL server during query
2025-02-12 07:16:42,817 - ERROR - 抓取线程出现异常: Lost connection to MySQL server during query
2025-02-12 07:16:42,818 - ERROR - [topic_id=1613323] 插入帖子 29829405 失败: 2013 (HY000): Lost connection to MySQL server during query
2025-02-12 07:16:42,818 - ERROR - [topic_id=1613326] 插入帖子 10081745 失败: 2013 (HY000): Lost connection to MySQL server during query
2025-02-12 07:16:42,819 - ERROR - 抓取线程出现异常: MySQL Connection not available.
2025-02-12 07:16:42,820 - ERROR - [topic_id=1613326] 插入帖子 29829386 失败: 2013 (HY000): Lost connection to MySQL server during query
2025-02-12 07:16:42,820 - ERROR - 抓取线程出现异常: MySQL Connection not available.
2025-02-12 07:16:42,820 - ERROR - 抓取线程出现异常: Lost connection to MySQL server during query
2025-02-12 07:16:42,820 - ERROR - 抓取线程出现异常: Lost connection to MySQL server during query
2025-02-12 07:16:44,488 - ERROR - [topic_id=1458272] 插入帖子 8409031 失败: 2013 (HY000): Lost connection to MySQL server during query
2025-02-12 07:16:44,489 - ERROR - [topic_id=1458272] 插入帖子 8409043 失败: 2013 (HY000): Lost connection to MySQL server during query
2025-02-12 07:16:44,489 - ERROR - [topic_id=1458272] 插入帖子 8409054 失败: 2013 (HY000): Lost connection to MySQL server during query
2025-02-12 07:16:44,490 - ERROR - [topic_id=1458272] 插入帖子 8409072 失败: 2013 (HY000): Lost connection to MySQL server during query
2025-02-12 07:16:44,490 - ERROR - [topic_id=1458272] 插入帖子 8409083 失败: 2013 (HY000): Lost connection to MySQL server during query
2025-02-12 07:16:44,491 - ERROR - [topic_id=1458272] 插入帖子 8409502 失败: 2013 (HY000): Lost connection to MySQL server during query
2025-02-12 07:16:44,491 - ERROR - [topic_id=1458272] 插入帖子 8409518 失败: 2013 (HY000): Lost connection to MySQL server during query
2025-02-12 07:16:44,492 - ERROR - [topic_id=1458272] 插入帖子 8410074 失败: 2013 (HY000): Lost connection to MySQL server during query
2025-02-12 07:16:44,492 - ERROR - [topic_id=1458272] 插入帖子 8410369 失败: 2013 (HY000): Lost connection to MySQL server during query
2025-02-12 07:16:44,493 - ERROR - [topic_id=1458272] 插入帖子 8410371 失败: 2013 (HY000): Lost connection to MySQL server during query
2025-02-12 07:16:44,494 - ERROR - [topic_id=1458272] 插入帖子 8410373 失败: 2013 (HY000): Lost connection to MySQL server during query
2025-02-12 07:16:44,494 - ERROR - [topic_id=1458272] 插入帖子 8410377 失败: 2013 (HY000): Lost connection to MySQL server during query
2025-02-12 07:16:44,495 - ERROR - [topic_id=1458272] 插入帖子 8410449 失败: 2013 (HY000): Lost connection to MySQL server during query
2025-02-12 07:16:44,495 - ERROR - [topic_id=1458272] 插入帖子 8410638 失败: 2013 (HY000): Lost connection to MySQL server during query
2025-02-12 07:16:44,495 - ERROR - [topic_id=1458272] 插入帖子 8414092 失败: 2013 (HY000): Lost connection to MySQL server during query
2025-02-12 07:16:44,496 - ERROR - [topic_id=1458272] 插入帖子 8419389 失败: 2013 (HY000): Lost connection to MySQL server during query
2025-02-12 07:16:44,496 - ERROR - [topic_id=1458272] 插入帖子 8420886 失败: 2013 (HY000): Lost connection to MySQL server during query
2025-02-12 07:16:44,497 - ERROR - [topic_id=1458272] 插入帖子 8420935 失败: 2013 (HY000): Lost connection to MySQL server during query
2025-02-12 07:16:44,497 - ERROR - [topic_id=1458272] 插入帖子 8441791 失败: 2013 (HY000): Lost connection to MySQL server during query
2025-02-12 07:16:44,498 - ERROR - [topic_id=1458272] 插入帖子 8441863 失败: 2013 (HY000): Lost connection to MySQL server during query
2025-02-12 07:16:44,498 - ERROR - 抓取线程出现异常: Lost connection to MySQL server during query
2025-02-12 07:16:44,897 - ERROR - 抓取线程出现异常: Lost connection to MySQL server during query
2025-02-26 19:35:32,058 - INFO - MySQL 数据库连接成功。
2025-02-26 19:35:32,672 - INFO - 本次响应包含 7 个主题。
2025-02-26 19:35:34,272 - INFO - 本次响应包含 0 个主题。
2025-02-26 19:35:34,272 - INFO - 没有更多数据可供爬取，停止。
2025-02-26 19:35:34,272 - INFO - 总共收集到 7 个主题。
2025-02-26 19:35:35,770 - INFO - 抓到 7 个主题。
2025-02-26 19:35:35,774 - INFO - 有 7 个主题需要新抓取。
2025-02-26 19:41:44,111 - INFO - MySQL 数据库连接成功。
2025-02-26 19:41:44,690 - INFO - 本次响应包含 7 个主题。
2025-02-26 19:41:46,134 - INFO - 本次响应包含 0 个主题。
2025-02-26 19:41:46,134 - INFO - 没有更多数据可供爬取，停止。
2025-02-26 19:41:46,134 - INFO - 总共收集到 7 个主题。
2025-02-26 19:41:47,633 - INFO - 抓到 7 个主题。
2025-02-26 19:41:47,638 - INFO - 有 7 个主题需要新抓取。
2025-02-26 19:41:49,939 - INFO - [topic_id=1613323] 无更多帖子可爬，结束。
2025-02-26 19:41:49,971 - INFO - [topic_id=1465532] 无更多帖子可爬，结束。
2025-02-26 19:41:50,174 - INFO - [topic_id=1613326] 无更多帖子可爬，结束。
2025-02-26 19:41:51,247 - INFO - [topic_id=1458161] 连续2次无新帖子，结束。
2025-02-26 19:41:51,847 - INFO - [topic_id=1613330] 无更多帖子可爬，结束。
2025-02-26 19:41:53,693 - INFO - [topic_id=1613333] 无更多帖子可爬，结束。
2025-02-26 19:42:06,862 - INFO - [topic_id=1458272] 无更多帖子可爬，结束。
2025-02-26 19:42:06,867 - INFO - 爬虫结束，插入帖子总数=223；程序耗时: 0小时 0分钟 22秒
